{"time":"2026-03-22T02:57:58.91794191Z","level":"INFO","msg":"OK   018_add_target_path.sql (27.11ms)"}
{"time":"2026-03-22T02:57:58.919872796Z","level":"INFO","msg":"goose: successfully migrated database to version: 18"}
{"time":"2026-03-22T02:57:58.919937059Z","level":"INFO","msg":"Starting server without NNTP providers - configure via API to enable downloads"}
{"time":"2026-03-22T02:57:58.920043125Z","level":"INFO","msg":"RClone RC notifications disabled"}
{"time":"2026-03-22T02:57:58.926747028Z","level":"INFO","msg":"Updated database connection pool","component":"importer-service","workers":2,"max_connections":6}
{"time":"2026-03-22T02:57:58.927155504Z","level":"INFO","msg":"Queue manager started","component":"queue-manager","workers":2}
{"time":"2026-03-22T02:57:58.927194381Z","level":"INFO","msg":"NZB import service started successfully with 2 workers","component":"importer-service"}
{"time":"2026-03-22T02:57:58.927222953Z","level":"INFO","msg":"Segment cache disabled"}
{"time":"2026-03-22T02:57:58.929924652Z","level":"INFO","msg":"Authentication service initialized"}
{"time":"2026-03-22T02:57:58.933070585Z","level":"INFO","msg":"Health system disabled - no health monitoring or repairs will occur"}
{"time":"2026-03-22T02:57:58.933746428Z","level":"INFO","msg":"ARR queue cleanup disabled (ARRs disabled)"}
{"time":"2026-03-22T02:57:58.933803834Z","level":"INFO","msg":"Arrs service is disabled in configuration"}
{"time":"2026-03-22T02:57:58.933834247Z","level":"INFO","msg":"AltMount server started","port":8080,"webdav_path":"/webdav","api_path":"/api","providers":0,"processor_workers":2}
{"time":"2026-03-22T02:58:00.934356216Z","level":"INFO","msg":"RClone mount service is disabled in configuration"}
{"time":"2026-03-22T02:58:03.93454291Z","level":"WARN","msg":"No admin API key found, skipping automatic webhook registration"}
{"time":"2026-03-22T02:58:13.228068067Z","level":"INFO","msg":"Received shutdown signal","signal":"terminated"}
{"time":"2026-03-22T02:58:13.228135982Z","level":"INFO","msg":"Starting graceful shutdown sequence"}
{"time":"2026-03-22T02:58:13.228145004Z","level":"ERROR","msg":"Failed to stop health worker","error":"health worker not running"}
{"time":"2026-03-22T02:58:13.228169162Z","level":"INFO","msg":"Shutting down server..."}
{"time":"2026-03-22T02:58:13.228214053Z","level":"INFO","msg":"Server shutdown completed"}
{"time":"2026-03-22T02:58:13.228219667Z","level":"INFO","msg":"AltMount server shutdown completed successfully"}
{"time":"2026-03-22T02:58:13.22822436Z","level":"INFO","msg":"Closing importer service"}
{"time":"2026-03-22T02:58:13.228237368Z","level":"INFO","msg":"Stopping NZB import service","component":"importer-service"}
{"time":"2026-03-22T02:58:13.228245373Z","level":"INFO","msg":"Stopping queue manager","component":"queue-manager"}
{"time":"2026-03-22T02:58:13.228257391Z","level":"INFO","msg":"Queue worker stopped","component":"queue-manager","worker_id":0}
{"time":"2026-03-22T02:58:13.228267634Z","level":"INFO","msg":"Queue worker stopped","component":"queue-manager","worker_id":1}
{"time":"2026-03-22T02:58:13.228305031Z","level":"INFO","msg":"Queue manager stopped","component":"queue-manager"}
{"time":"2026-03-22T02:58:13.228313284Z","level":"INFO","msg":"NZB import service stopped","component":"importer-service"}
{"time":"2026-03-22T02:58:13.228323531Z","level":"INFO","msg":"Clearing NNTP pool"}
{"time":"2026-03-22T02:58:13.228329396Z","level":"INFO","msg":"Closing database"}
